[2025-07-19T08:56:44.956Z] 📤 Upload: user=pttong89@gmail.com ip=::1 file="Aluminum-pole-8-feet.html"
[2025-07-19T08:56:44.992Z] 📤 Upload: user=pttong89@gmail.com ip=::1 file="Aluminum-poles-square.html"
[2025-07-19T09:20:25.734Z] 📤 Upload: user=pttong89@gmail.com ip=::1 file="Are-aluminum-tent-poles-better-than-fiberglass.html"
[2025-07-20T02:30:57.782Z] 📤 Upload: user=pttong89@gmail.com ip=::1 file="aluminum-water-bottle-with-clip.html"
[2025-07-20T02:30:58.000Z] 📤 Upload: user=pttong89@gmail.com ip=::1 file="aluminum-water-bottle-with-straw.html"
[2025-07-20T02:30:58.062Z] 📤 Upload: user=pttong89@gmail.com ip=::1 file="custom-aluminum-water-bottle.html"
[2025-07-20T02:30:58.106Z] 📤 Upload: user=pttong89@gmail.com ip=::1 file="durable-aluminum-water-bottle.html"
[2025-07-20T02:30:58.140Z] 📤 Upload: user=pttong89@gmail.com ip=::1 file="easy-hiking-trails-with-waterfalls.html"
[2025-07-20T02:30:58.172Z] 📤 Upload: user=pttong89@gmail.com ip=::1 file="eco-friendly-aluminum-water-bottle.html"
[2025-07-20T02:30:58.203Z] 📤 Upload: user=pttong89@gmail.com ip=::1 file="insulated-aluminum-water-bottle.html"
[2025-07-20T02:30:58.234Z] 📤 Upload: user=pttong89@gmail.com ip=::1 file="insulated-gaiters-for-winter-hiking.html"
[2025-07-20T02:30:58.268Z] 📤 Upload: user=pttong89@gmail.com ip=::1 file="large-capacity-aluminum-water-bottle.html"
[2025-07-20T02:30:58.300Z] 📤 Upload: user=pttong89@gmail.com ip=::1 file="pet-friendly-easy-hikes.html"
[2025-07-20T02:30:58.330Z] 📤 Upload: user=pttong89@gmail.com ip=::1 file="reusable-aluminum-water-bottle.html"
[2025-07-20T03:03:27.820Z] 📤 Upload: user=pttong89@gmail.com ip=::1 file="affiliate-disclosure.html"
[2025-07-20T03:03:27.853Z] 📤 Upload: user=pttong89@gmail.com ip=::1 file="black-canyon-of-the-gunnison-camping.html"
[2025-07-20T03:03:27.876Z] 📤 Upload: user=pttong89@gmail.com ip=::1 file="black-canyon-of-the-gunnison-hiking.html"
[2025-07-20T03:03:27.901Z] 📤 Upload: user=pttong89@gmail.com ip=::1 file="black-canyon-of-the-gunnison-lodging.html"
[2025-07-20T03:03:27.925Z] 📤 Upload: user=pttong89@gmail.com ip=::1 file="black-canyon-of-the-gunnison-visitor-center.html"
[2025-07-20T03:03:27.948Z] 📤 Upload: user=pttong89@gmail.com ip=::1 file="black-canyon-of-the-gunnison-weather.html"
[2025-07-20T03:03:27.971Z] 📤 Upload: user=pttong89@gmail.com ip=::1 file="hotels-in-black-canyon-of-the-gunnison.html"
[2025-07-20T03:03:27.993Z] 📤 Upload: user=pttong89@gmail.com ip=::1 file="painted-wall-black-canyon-of-the-gunnison.html"
